<?xml version="1.0" encoding="utf-8"?><testsuite errors="0" failures="6" name="pytest" skips="0" tests="263" time="2.072"><testcase classname="test.unit.test_buildconfigurations" file="test/unit/test_buildconfigurations.py" line="8" name="test_create_build_conf_object" time="0.000469207763672"></testcase><testcase classname="test.unit.test_buildconfigurations" file="test/unit/test_buildconfigurations.py" line="15" name="test_get_config_id_id" time="0.000472784042358"></testcase><testcase classname="test.unit.test_buildconfigurations" file="test/unit/test_buildconfigurations.py" line="22" name="test_get_config_id_no_id" time="0.000675916671753"><system-err>2016-06-06 09:14:07,870 ERROR No BuildConfiguration with ID 1 exists.
</system-err></testcase><testcase classname="test.unit.test_buildconfigurations" file="test/unit/test_buildconfigurations.py" line="29" name="test_get_config_id_name" time="0.000534057617188"></testcase><testcase classname="test.unit.test_buildconfigurations" file="test/unit/test_buildconfigurations.py" line="36" name="test_get_config_id_no_name" time="0.000502824783325"><system-err>2016-06-06 09:14:07,872 ERROR No BuildConfiguration with the name testerino exists.
</system-err></testcase><testcase classname="test.unit.test_buildconfigurations" file="test/unit/test_buildconfigurations.py" line="43" name="test_get_config_id_none" time="0.000304698944092"><system-err>2016-06-06 09:14:07,873 ERROR Either a name or an ID of a BuildConfiguration is required.
</system-err></testcase><testcase classname="test.unit.test_buildconfigurations" file="test/unit/test_buildconfigurations.py" line="48" name="test_config_id_exists" time="0.000692129135132"></testcase><testcase classname="test.unit.test_buildconfigurations" file="test/unit/test_buildconfigurations.py" line="56" name="test_config_id_exists_false" time="0.000383853912354"></testcase><testcase classname="test.unit.test_buildconfigurations" file="test/unit/test_buildconfigurations.py" line="64" name="test_get_build_configuration_id_by_name" time="0.00101590156555"></testcase><testcase classname="test.unit.test_buildconfigurations" file="test/unit/test_buildconfigurations.py" line="72" name="test_get_build_configuration_id_by_name_notexist" time="0.000391960144043"></testcase><testcase classname="test.unit.test_buildconfigurations" file="test/unit/test_buildconfigurations.py" line="80" name="test_build_id" time="0.000681161880493"></testcase><testcase classname="test.unit.test_buildconfigurations" file="test/unit/test_buildconfigurations.py" line="89" name="test_build_name" time="0.000776052474976"></testcase><testcase classname="test.unit.test_buildconfigurations" file="test/unit/test_buildconfigurations.py" line="98" name="test_build_notexist" time="0.00053596496582"></testcase><testcase classname="test.unit.test_buildconfigurations" file="test/unit/test_buildconfigurations.py" line="116" name="test_get_build_configuration_id" time="0.000672817230225"></testcase><testcase classname="test.unit.test_buildconfigurations" file="test/unit/test_buildconfigurations.py" line="125" name="test_get_build_configuration_notexist" time="0.000617980957031"></testcase><testcase classname="test.unit.test_buildconfigurations" file="test/unit/test_buildconfigurations.py" line="134" name="test_update_build_configuration_id" time="0.0012731552124"></testcase><testcase classname="test.unit.test_buildconfigurations" file="test/unit/test_buildconfigurations.py" line="150" name="test_update_build_configuration_name" time="0.00159478187561"></testcase><testcase classname="test.unit.test_buildconfigurations" file="test/unit/test_buildconfigurations.py" line="174" name="test_update_build_configuration_notexist" time="0.000763177871704"></testcase><testcase classname="test.unit.test_buildconfigurations" file="test/unit/test_buildconfigurations.py" line="185" name="test_update_build_configuration_no_project" time="0.00103282928467"></testcase><testcase classname="test.unit.test_buildconfigurations" file="test/unit/test_buildconfigurations.py" line="196" name="test_update_build_configuration_no_environment" time="0.00105333328247"></testcase><testcase classname="test.unit.test_buildconfigurations" file="test/unit/test_buildconfigurations.py" line="207" name="test_create_build_configuration" time="0.00110936164856"></testcase><testcase classname="test.unit.test_buildconfigurations" file="test/unit/test_buildconfigurations.py" line="222" name="test_create_build_configuration_no_project" time="0.000473260879517"></testcase><testcase classname="test.unit.test_buildconfigurations" file="test/unit/test_buildconfigurations.py" line="229" name="test_create_build_configuration_no_environment" time="0.000547885894775"></testcase><testcase classname="test.unit.test_buildconfigurations" file="test/unit/test_buildconfigurations.py" line="238" name="test_delete_build_configuration_id" time="0.079498052597"></testcase><testcase classname="test.unit.test_buildconfigurations" file="test/unit/test_buildconfigurations.py" line="247" name="test_delete_build_configuration_name" time="0.0335919857025"></testcase><testcase classname="test.unit.test_buildconfigurations" file="test/unit/test_buildconfigurations.py" line="256" name="test_delete_build_configuration_notexist" time="0.0023250579834"></testcase><testcase classname="test.unit.test_buildconfigurations" file="test/unit/test_buildconfigurations.py" line="265" name="test_list_build_configurations_for_product_id" time="0.00146198272705"></testcase><testcase classname="test.unit.test_buildconfigurations" file="test/unit/test_buildconfigurations.py" line="274" name="test_list_build_configurations_for_product_name" time="0.00150108337402"></testcase><testcase classname="test.unit.test_buildconfigurations" file="test/unit/test_buildconfigurations.py" line="283" name="test_list_build_configurations_for_product_notexist" time="0.0010941028595"></testcase><testcase classname="test.unit.test_buildconfigurations" file="test/unit/test_buildconfigurations.py" line="292" name="test_list_build_configurations_for_product_version" time="0.0012218952179"></testcase><testcase classname="test.unit.test_buildconfigurations" file="test/unit/test_buildconfigurations.py" line="305" name="test_list_build_configurations_for_product_version_no_product" time="0.000802993774414"></testcase><testcase classname="test.unit.test_buildconfigurations" file="test/unit/test_buildconfigurations.py" line="318" name="test_list_build_configurations_for_product_version_no_version" time="0.00086498260498"><system-err>2016-06-06 09:14:08,023 ERROR No ProductVersion with ID 2 exists.
</system-err></testcase><testcase classname="test.unit.test_buildconfigurations" file="test/unit/test_buildconfigurations.py" line="331" name="test_list_dependencies_id" time="0.000855922698975"></testcase><testcase classname="test.unit.test_buildconfigurations" file="test/unit/test_buildconfigurations.py" line="340" name="test_list_dependencies_name" time="0.000811100006104"></testcase><testcase classname="test.unit.test_buildconfigurations" file="test/unit/test_buildconfigurations.py" line="349" name="test_list_dependencies_notexist" time="0.000576972961426"></testcase><testcase classname="test.unit.test_buildconfigurations" file="test/unit/test_buildconfigurations.py" line="358" name="test_add_dependency_ids" time="0.00107097625732"></testcase><testcase classname="test.unit.test_buildconfigurations" file="test/unit/test_buildconfigurations.py" line="370" name="test_add_dependency_id_name" time="0.00101113319397"></testcase><testcase classname="test.unit.test_buildconfigurations" file="test/unit/test_buildconfigurations.py" line="382" name="test_add_dependency_name_id" time="0.00099778175354"></testcase><testcase classname="test.unit.test_buildconfigurations" file="test/unit/test_buildconfigurations.py" line="394" name="test_add_dependency_names" time="0.00218510627747"></testcase><testcase classname="test.unit.test_buildconfigurations" file="test/unit/test_buildconfigurations.py" line="406" name="test_add_dependency_no_conf" time="0.000902652740479"></testcase><testcase classname="test.unit.test_buildconfigurations" file="test/unit/test_buildconfigurations.py" line="417" name="test_add_dependency_no_dep" time="0.000858783721924"></testcase><testcase classname="test.unit.test_buildconfigurations" file="test/unit/test_buildconfigurations.py" line="429" name="test_add_dependency_no_conf_id_or_name" time="0.000764846801758"><system-err>2016-06-06 09:14:08,037 ERROR Please provide the name or ID of the BuildConfiguration to add a dependency to.
</system-err></testcase><testcase classname="test.unit.test_buildconfigurations" file="test/unit/test_buildconfigurations.py" line="440" name="test_add_dependency_no_dep_id_or_name" time="0.000886917114258"><system-err>2016-06-06 09:14:08,039 ERROR Please provide the name or ID of the BuildConfiguration to add as a dependency.
</system-err></testcase><testcase classname="test.unit.test_buildconfigurations" file="test/unit/test_buildconfigurations.py" line="451" name="test_remove_dependency_ids" time="0.000836849212646"></testcase><testcase classname="test.unit.test_buildconfigurations" file="test/unit/test_buildconfigurations.py" line="461" name="test_remove_dependency_id_name" time="0.000838041305542"></testcase><testcase classname="test.unit.test_buildconfigurations" file="test/unit/test_buildconfigurations.py" line="471" name="test_remove_dependency_name_id" time="0.000744104385376"></testcase><testcase classname="test.unit.test_buildconfigurations" file="test/unit/test_buildconfigurations.py" line="481" name="test_remove_dependency_names" time="0.000825881958008"></testcase><testcase classname="test.unit.test_buildconfigurations" file="test/unit/test_buildconfigurations.py" line="491" name="test_remove_dependency_no_conf" time="0.000661134719849"></testcase><testcase classname="test.unit.test_buildconfigurations" file="test/unit/test_buildconfigurations.py" line="500" name="test_remove_dependency_no_dep" time="0.000552892684937"></testcase><testcase classname="test.unit.test_buildconfigurations" file="test/unit/test_buildconfigurations.py" line="509" name="test_remove_dependency_no_conf_id_or_name" time="0.000736236572266"><system-err>2016-06-06 09:14:08,047 ERROR Please provide the name or ID of the BuildConfiguration to remove a dependency from.
</system-err></testcase><testcase classname="test.unit.test_buildconfigurations" file="test/unit/test_buildconfigurations.py" line="518" name="test_remove_dependency_no_dep_id_or_name" time="0.000607967376709"><system-err>2016-06-06 09:14:08,048 ERROR Please provide the name or ID of the BuildConfiguration to remove as a dependency.
</system-err></testcase><testcase classname="test.unit.test_buildconfigurations" file="test/unit/test_buildconfigurations.py" line="527" name="test_list_product_versions_for_build_configuration_id" time="0.000839948654175"></testcase><testcase classname="test.unit.test_buildconfigurations" file="test/unit/test_buildconfigurations.py" line="536" name="test_list_product_versions_for_build_configuration_name" time="0.000767230987549"></testcase><testcase classname="test.unit.test_buildconfigurations" file="test/unit/test_buildconfigurations.py" line="545" name="test_list_product_versions_for_build_configuration_notexist" time="0.000505208969116"></testcase><testcase classname="test.unit.test_buildconfigurations" file="test/unit/test_buildconfigurations.py" line="554" name="test_add_product_version_to_build_configuration_id" time="0.00107741355896"></testcase><testcase classname="test.unit.test_buildconfigurations" file="test/unit/test_buildconfigurations.py" line="570" name="test_add_product_version_to_build_configuration_name" time="0.00163888931274"></testcase><testcase classname="test.unit.test_buildconfigurations" file="test/unit/test_buildconfigurations.py" line="586" name="test_add_product_version_to_build_configuration_notexist" time="0.000734806060791"></testcase><testcase classname="test.unit.test_buildconfigurations" file="test/unit/test_buildconfigurations.py" line="602" name="test_add_product_version_to_build_configuration_noversion" time="0.000991106033325"><system-err>2016-06-06 09:14:08,058 ERROR No ProductVersion with ID 2 exists.
</system-err></testcase><testcase classname="test.unit.test_buildconfigurations" file="test/unit/test_buildconfigurations.py" line="618" name="test_remove_product_version_from_build_configuration_id" time="0.000940799713135"></testcase><testcase classname="test.unit.test_buildconfigurations" file="test/unit/test_buildconfigurations.py" line="632" name="test_remove_product_version_from_build_configuration_name" time="0.000906467437744"></testcase><testcase classname="test.unit.test_buildconfigurations" file="test/unit/test_buildconfigurations.py" line="646" name="test_remove_product_version_from_build_configuration_notexist" time="0.000734090805054"></testcase><testcase classname="test.unit.test_buildconfigurations" file="test/unit/test_buildconfigurations.py" line="659" name="test_remove_product_version_from_build_configuration_no_version" time="0.00126314163208"><system-err>2016-06-06 09:14:08,063 ERROR The specified ProductVersion is not associated with BuildConfiguration 1.
</system-err></testcase><testcase classname="test.unit.test_buildconfigurations" file="test/unit/test_buildconfigurations.py" line="671" name="test_list_revisions_of_build_configuration_id" time="0.000921010971069"><failure message="AssertionError: Expected call: get_revisions(id=1, page_size=200, q=&apos;&apos;, sort=&apos;&apos;)
Actual call: get_revisions(id=1, page_size=200, sort=&apos;&apos;)">mock_get_revisions = &lt;MagicMock name=&apos;get_revisions&apos; id=&apos;140359990382672&apos;&gt;
mock_get_config_id = &lt;MagicMock name=&apos;get_config_id&apos; id=&apos;140359990569872&apos;&gt;

    @patch(&apos;pnc_cli.buildconfigurations.get_config_id&apos;, return_value=1)
    @patch(&apos;pnc_cli.buildconfigurations.configs_api.get_revisions&apos;, return_value=MagicMock(content=[&apos;rev1&apos;, &apos;rev2&apos;]))
    def test_list_revisions_of_build_configuration_id(mock_get_revisions, mock_get_config_id):
        result = buildconfigurations.list_revisions_of_build_configuration(id=1)
        mock_get_config_id.assert_called_once_with(1, None)
&gt;       mock_get_revisions.assert_called_once_with(id=1, page_size=200, sort=&quot;&quot;, q=&quot;&quot;)

test/unit/test_buildconfigurations.py:677: 
_ _ _ _ _ _ _ _ _ _ _ _ _ _ _ _ _ _ _ _ _ _ _ _ _ _ _ _ _ _ _ _ _ _ _ _ _ _ _ _
/usr/lib/python2.7/site-packages/mock/mock.py:948: in assert_called_once_with
    return self.assert_called_with(*args, **kwargs)
/usr/lib/python2.7/site-packages/mock/mock.py:937: in assert_called_with
    six.raise_from(AssertionError(_error_message(cause)), cause)
_ _ _ _ _ _ _ _ _ _ _ _ _ _ _ _ _ _ _ _ _ _ _ _ _ _ _ _ _ _ _ _ _ _ _ _ _ _ _ _

value = AssertionError(&quot;Expected call: get_revisions(id=1, page_size=200, q=&apos;&apos;, sort=&apos;&apos;)\nActual call: get_revisions(id=1, page_size=200, sort=&apos;&apos;)&quot;,)
from_value = None

    def raise_from(value, from_value):
&gt;       raise value
E       AssertionError: Expected call: get_revisions(id=1, page_size=200, q=&apos;&apos;, sort=&apos;&apos;)
E       Actual call: get_revisions(id=1, page_size=200, sort=&apos;&apos;)

/usr/lib/python2.7/site-packages/six.py:692: AssertionError</failure></testcase><testcase classname="test.unit.test_buildconfigurations" file="test/unit/test_buildconfigurations.py" line="689" name="test_list_revisions_of_build_configuration" time="0.000613927841187"></testcase><testcase classname="test.unit.test_buildconfigurations" file="test/unit/test_buildconfigurations.py" line="698" name="test_get_revision_of_build_configuration_id" time="0.000834941864014"></testcase><testcase classname="test.unit.test_buildconfigurations" file="test/unit/test_buildconfigurations.py" line="707" name="test_get_revision_of_build_configuration_name" time="0.000793933868408"></testcase><testcase classname="test.unit.test_buildconfigurations" file="test/unit/test_buildconfigurations.py" line="716" name="test_get_revision_of_build_configuration_notexist" time="0.000538110733032"></testcase><testcase classname="test.unit.test_buildconfigurations" file="test/unit/test_buildconfigurations.py" line="725" name="test_list_build_configurations_for_project_id" time="0.000792026519775"></testcase><testcase classname="test.unit.test_buildconfigurations" file="test/unit/test_buildconfigurations.py" line="734" name="test_list_build_configurations_for_project_name" time="0.000792980194092"></testcase><testcase classname="test.unit.test_buildconfigurations" file="test/unit/test_buildconfigurations.py" line="743" name="test_list_build_configurations_for_project_notexist" time="0.000510931015015"></testcase><testcase classname="test.unit.test_buildconfigurations" file="test/unit/test_buildconfigurations.py" line="752" name="test_list_build_configurations" time="0.000641822814941"></testcase><testcase classname="test.unit.test_buildconfigurationsets" file="test/unit/test_buildconfigurationsets.py" line="7" name="test_create_build_config_set_object" time="0.000271081924438"></testcase><testcase classname="test.unit.test_buildconfigurationsets" file="test/unit/test_buildconfigurationsets.py" line="15" name="test_get_build_config_set_id_by_name" time="0.000412702560425"></testcase><testcase classname="test.unit.test_buildconfigurationsets" file="test/unit/test_buildconfigurationsets.py" line="23" name="test_get_build_config_set_id_by_name_notexist" time="0.000497817993164"></testcase><testcase classname="test.unit.test_buildconfigurationsets" file="test/unit/test_buildconfigurationsets.py" line="31" name="test_list_build_configuration_sets" time="0.000527143478394"></testcase><testcase classname="test.unit.test_buildconfigurationsets" file="test/unit/test_buildconfigurationsets.py" line="38" name="test_create_build_configuration_set" time="0.00201511383057"></testcase><testcase classname="test.unit.test_buildconfigurationsets" file="test/unit/test_buildconfigurationsets.py" line="55" name="test_create_build_configuration_set_setexists" time="0.00111222267151"><system-err>2016-06-06 09:14:08,211 ERROR A BuildConfigurationSet with name newname already exists.
</system-err></testcase><testcase classname="test.unit.test_buildconfigurationsets" file="test/unit/test_buildconfigurationsets.py" line="72" name="test_create_build_configuration_set_versionnotexists" time="0.00108027458191"><system-err>2016-06-06 09:14:08,212 ERROR No ProductVersion with id 1 exists.
</system-err></testcase><testcase classname="test.unit.test_buildconfigurationsets" file="test/unit/test_buildconfigurationsets.py" line="88" name="test_create_build_configuration_set_confignotexists" time="0.00158095359802"><system-err>2016-06-06 09:14:08,214 ERROR No BuildConfiguration with id 1 exists.
2016-06-06 09:14:08,214 ERROR No BuildConfiguration with id 2 exists.
2016-06-06 09:14:08,214 ERROR No BuildConfiguration with id 3 exists.
</system-err></testcase><testcase classname="test.unit.test_buildconfigurationsets" file="test/unit/test_buildconfigurationsets.py" line="105" name="test_get_build_configuration_set_id" time="0.00078296661377"></testcase><testcase classname="test.unit.test_buildconfigurationsets" file="test/unit/test_buildconfigurationsets.py" line="114" name="test_get_build_configuration_set_id_notexist" time="0.000546216964722"></testcase><testcase classname="test.unit.test_buildconfigurationsets" file="test/unit/test_buildconfigurationsets.py" line="123" name="test_get_build_configuration_set_name" time="0.00102114677429"></testcase><testcase classname="test.unit.test_buildconfigurationsets" file="test/unit/test_buildconfigurationsets.py" line="132" name="test_get_build_configuration_set_name_notexist" time="0.000612020492554"></testcase><testcase classname="test.unit.test_buildconfigurationsets" file="test/unit/test_buildconfigurationsets.py" line="141" name="test_update_build_configuration_set" time="0.001544713974"></testcase><testcase classname="test.unit.test_buildconfigurationsets" file="test/unit/test_buildconfigurationsets.py" line="157" name="test_update_build_configuration_set_notexist" time="0.000869989395142"></testcase><testcase classname="test.unit.test_buildconfigurationsets" file="test/unit/test_buildconfigurationsets.py" line="166" name="test_update_build_configuration_set_invalid_project_version_id" time="0.00131511688232"><system-err>2016-06-06 09:14:08,225 ERROR There is no ProductVersion with ID notexist
</system-err></testcase><testcase classname="test.unit.test_buildconfigurationsets" file="test/unit/test_buildconfigurationsets.py" line="182" name="test_update_build_configuration_set_invalid_build_configuration_id" time="0.00259780883789"><system-err>2016-06-06 09:14:08,227 ERROR There is no BuildConfiguration with ID 1
2016-06-06 09:14:08,228 ERROR There is no BuildConfiguration with ID 2
2016-06-06 09:14:08,228 ERROR There is no BuildConfiguration with ID 3
2016-06-06 09:14:08,228 ERROR Attempted to add non-existing BuildConfigurations to BuildConfigurationSet.
</system-err></testcase><testcase classname="test.unit.test_buildconfigurationsets" file="test/unit/test_buildconfigurationsets.py" line="198" name="test_delete_build_config_set" time="0.000672101974487"></testcase><testcase classname="test.unit.test_buildconfigurationsets" file="test/unit/test_buildconfigurationsets.py" line="207" name="test_delete_build_config_set_id_notexist" time="0.000626087188721"></testcase><testcase classname="test.unit.test_buildconfigurationsets" file="test/unit/test_buildconfigurationsets.py" line="216" name="test_delete_build_config_set_name" time="0.00077223777771"></testcase><testcase classname="test.unit.test_buildconfigurationsets" file="test/unit/test_buildconfigurationsets.py" line="225" name="test_delete_build_config_set_name_notexist" time="0.000509977340698"></testcase><testcase classname="test.unit.test_buildconfigurationsets" file="test/unit/test_buildconfigurationsets.py" line="234" name="test_set_exists" time="0.000674962997437"></testcase><testcase classname="test.unit.test_buildconfigurationsets" file="test/unit/test_buildconfigurationsets.py" line="241" name="test_set_exists_notexist" time="0.000481843948364"></testcase><testcase classname="test.unit.test_buildconfigurationsets" file="test/unit/test_buildconfigurationsets.py" line="248" name="test_get_set_id" time="0.000493288040161"></testcase><testcase classname="test.unit.test_buildconfigurationsets" file="test/unit/test_buildconfigurationsets.py" line="255" name="test_get_set_id_notexist" time="0.00068998336792"><system-err>2016-06-06 09:14:08,236 ERROR There is no BuildConfigurationSet with ID 1.
</system-err></testcase><testcase classname="test.unit.test_buildconfigurationsets" file="test/unit/test_buildconfigurationsets.py" line="262" name="test_get_set_name" time="0.000476837158203"><system-err>2016-06-06 09:14:08,237 ERROR There is no BuildConfigurationSet with name testerino.
</system-err></testcase><testcase classname="test.unit.test_buildconfigurationsets" file="test/unit/test_buildconfigurationsets.py" line="269" name="test_get_set_name_notexist" time="0.00047492980957"><system-err>2016-06-06 09:14:08,238 ERROR There is no BuildConfigurationSet with name testerino.
</system-err></testcase><testcase classname="test.unit.test_buildconfigurationsets" file="test/unit/test_buildconfigurationsets.py" line="276" name="test_get_set_none" time="0.000286102294922"><system-err>2016-06-06 09:14:08,239 ERROR Either a BuildConfigurationSet ID or name is required.
</system-err></testcase><testcase classname="test.unit.test_buildconfigurationsets" file="test/unit/test_buildconfigurationsets.py" line="281" name="test_build_set_id" time="0.000814914703369"></testcase><testcase classname="test.unit.test_buildconfigurationsets" file="test/unit/test_buildconfigurationsets.py" line="290" name="test_build_set_name" time="0.000800132751465"></testcase><testcase classname="test.unit.test_buildconfigurationsets" file="test/unit/test_buildconfigurationsets.py" line="299" name="test_build_set_notexist" time="0.000522375106812"></testcase><testcase classname="test.unit.test_buildconfigurationsets" file="test/unit/test_buildconfigurationsets.py" line="308" name="test_list_build_configurations_for_set_id" time="0.000790119171143"></testcase><testcase classname="test.unit.test_buildconfigurationsets" file="test/unit/test_buildconfigurationsets.py" line="326" name="test_list_build_configurations_for_set_name" time="0.000607013702393"></testcase><testcase classname="test.unit.test_buildconfigurationsets" file="test/unit/test_buildconfigurationsets.py" line="335" name="test_add_build_configuration_to_set_id" time="0.000915050506592"></testcase><testcase classname="test.unit.test_buildconfigurationsets" file="test/unit/test_buildconfigurationsets.py" line="345" name="test_add_build_configuration_to_set_name" time="0.000850915908813"></testcase><testcase classname="test.unit.test_buildconfigurationsets" file="test/unit/test_buildconfigurationsets.py" line="356" name="test_add_build_configuration_to_set_notexist" time="0.000839948654175"></testcase><testcase classname="test.unit.test_buildconfigurationsets" file="test/unit/test_buildconfigurationsets.py" line="369" name="test_add_build_configuration_to_set_id_notexist" time="0.000868082046509"></testcase><testcase classname="test.unit.test_buildconfigurationsets" file="test/unit/test_buildconfigurationsets.py" line="381" name="test_add_build_configuration_to_set_name_notexist" time="0.00150084495544"></testcase><testcase classname="test.unit.test_buildconfigurationsets" file="test/unit/test_buildconfigurationsets.py" line="393" name="test_remove_build_configuration_from_set_id" time="0.000911951065063"></testcase><testcase classname="test.unit.test_buildconfigurationsets" file="test/unit/test_buildconfigurationsets.py" line="404" name="test_remove_build_configuration_from_set_name" time="0.000905990600586"></testcase><testcase classname="test.unit.test_buildconfigurationsets" file="test/unit/test_buildconfigurationsets.py" line="415" name="test_remove_build_configuration_from_set_notexist" time="0.000730991363525"></testcase><testcase classname="test.unit.test_buildconfigurationsets" file="test/unit/test_buildconfigurationsets.py" line="426" name="test_remove_build_configuration_from_set_id_notexist" time="0.000676870346069"></testcase><testcase classname="test.unit.test_buildconfigurationsets" file="test/unit/test_buildconfigurationsets.py" line="437" name="test_remove_build_configuration_from_set_name_notexist" time="0.000642776489258"></testcase><testcase classname="test.unit.test_buildconfigurationsets" file="test/unit/test_buildconfigurationsets.py" line="448" name="test_list_build_records_for_set_id" time="0.000815868377686"></testcase><testcase classname="test.unit.test_buildconfigurationsets" file="test/unit/test_buildconfigurationsets.py" line="456" name="test_list_build_records_for_set_id_notexist" time="0.000501155853271"></testcase><testcase classname="test.unit.test_buildconfigurationsets" file="test/unit/test_buildconfigurationsets.py" line="482" name="test_list_build_records_for_set_name" time="0.000514030456543"></testcase><testcase classname="test.unit.test_buildrecords" file="test/unit/test_buildrecords.py" line="5" name="test_list_build_records" time="0.000883817672729"></testcase><testcase classname="test.unit.test_buildrecords" file="test/unit/test_buildrecords.py" line="14" name="test_list_records_for_build_configuration_id" time="0.00155806541443"></testcase><testcase classname="test.unit.test_buildrecords" file="test/unit/test_buildrecords.py" line="24" name="test_list_records_for_build_configuration_name" time="0.00124883651733"></testcase><testcase classname="test.unit.test_buildrecords" file="test/unit/test_buildrecords.py" line="33" name="test_list_records_for_build_configuration_notexist" time="0.00128388404846"></testcase><testcase classname="test.unit.test_buildrecords" file="test/unit/test_buildrecords.py" line="40" name="test_list_records_for_project_id" time="0.00136089324951"></testcase><testcase classname="test.unit.test_buildrecords" file="test/unit/test_buildrecords.py" line="49" name="test_list_records_for_project_name" time="0.00138998031616"></testcase><testcase classname="test.unit.test_buildrecords" file="test/unit/test_buildrecords.py" line="58" name="test_list_records_for_project_notexist" time="0.000922918319702"></testcase><testcase classname="test.unit.test_buildrecords" file="test/unit/test_buildrecords.py" line="65" name="test_get_build_record_id" time="0.000696897506714"></testcase><testcase classname="test.unit.test_buildrecords" file="test/unit/test_buildrecords.py" line="73" name="test_get_build_record_notexist" time="0.000509977340698"><system-err>2016-06-06 09:14:08,276 ERROR No BuildRecord with ID 2 exists.
</system-err></testcase><testcase classname="test.unit.test_buildrecords" file="test/unit/test_buildrecords.py" line="80" name="test_list_build_artifacts" time="0.0014431476593"></testcase><testcase classname="test.unit.test_buildrecords" file="test/unit/test_buildrecords.py" line="88" name="test_list_built_artifacts_notexist" time="0.000383853912354"></testcase><testcase classname="test.unit.test_buildrecords" file="test/unit/test_buildrecords.py" line="95" name="test_list_dependency_artifacts" time="0.000524997711182"></testcase><testcase classname="test.unit.test_buildrecords" file="test/unit/test_buildrecords.py" line="103" name="test_list_dependency_artifacts_notexist" time="0.000569343566895"></testcase><testcase classname="test.unit.test_buildrecords" file="test/unit/test_buildrecords.py" line="110" name="test_get_audited_configuration_for_record" time="0.000527143478394"></testcase><testcase classname="test.unit.test_buildrecords" file="test/unit/test_buildrecords.py" line="117" name="test_get_audited_configuration_for_record_notexist" time="0.000408411026001"></testcase><testcase classname="test.unit.test_buildrecords" file="test/unit/test_buildrecords.py" line="124" name="test_get_log_for_record" time="0.000401020050049"></testcase><testcase classname="test.unit.test_buildrecords" file="test/unit/test_buildrecords.py" line="131" name="test_get_log_for_record_notexist" time="0.00047492980957"></testcase><testcase classname="test.unit.test_buildrecords" file="test/unit/test_buildrecords.py" line="137" name="test_get_artifacts" time="0.000929594039917"></testcase><testcase classname="test.unit.test_buildrecords" file="test/unit/test_buildrecords.py" line="144" name="test_get_artifacts_notexist" time="0.000391006469727"></testcase><testcase classname="test.unit.test_environments" file="test/unit/test_environments.py" line="8" name="test_create_environment_object" time="0.000288724899292"></testcase><testcase classname="test.unit.test_environments" file="test/unit/test_environments.py" line="16" name="test_get_environment_id_id" time="0.00808572769165"><failure message="AssertionError: Expected &apos;get_all&apos; to be called once. Called 0 times.">mock = &lt;MagicMock name=&apos;get_all&apos; id=&apos;140359985126480&apos;&gt;

    @patch(&apos;pnc_cli.environments.envs_api.get_all&apos;, return_value=MagicMock(content=1))
    def test_get_environment_id_id(mock):
        result = environments.get_environment_id(1, None)
&gt;       mock.assert_called_once_with(q=&apos;id==1&apos;)

test/unit/test_environments.py:20: 
_ _ _ _ _ _ _ _ _ _ _ _ _ _ _ _ _ _ _ _ _ _ _ _ _ _ _ _ _ _ _ _ _ _ _ _ _ _ _ _

_mock_self = &lt;MagicMock name=&apos;get_all&apos; id=&apos;140359985126480&apos;&gt;, args = ()
kwargs = {&apos;q&apos;: &apos;id==1&apos;}, self = &lt;MagicMock name=&apos;get_all&apos; id=&apos;140359985126480&apos;&gt;
msg = &quot;Expected &apos;get_all&apos; to be called once. Called 0 times.&quot;

    def assert_called_once_with(_mock_self, *args, **kwargs):
        &quot;&quot;&quot;assert that the mock was called exactly once and with the specified
            arguments.&quot;&quot;&quot;
        self = _mock_self
        if not self.call_count == 1:
            msg = (&quot;Expected &apos;%s&apos; to be called once. Called %s times.&quot; %
                   (self._mock_name or &apos;mock&apos;, self.call_count))
&gt;           raise AssertionError(msg)
E           AssertionError: Expected &apos;get_all&apos; to be called once. Called 0 times.

/usr/lib/python2.7/site-packages/mock/mock.py:947: AssertionError</failure></testcase><testcase classname="test.unit.test_environments" file="test/unit/test_environments.py" line="23" name="test_get_environment_id_notexist" time="0.00547885894775"><failure message="AssertionError: Expected &apos;get_all&apos; to be called once. Called 0 times.">mock = &lt;MagicMock name=&apos;get_all&apos; id=&apos;140359987267152&apos;&gt;

    @patch(&apos;pnc_cli.environments.envs_api.get_all&apos;, return_value=False)
    def test_get_environment_id_notexist(mock):
        result = environments.get_environment_id(1, None)
&gt;       mock.assert_called_once_with(q=&apos;id==1&apos;)

test/unit/test_environments.py:27: 
_ _ _ _ _ _ _ _ _ _ _ _ _ _ _ _ _ _ _ _ _ _ _ _ _ _ _ _ _ _ _ _ _ _ _ _ _ _ _ _

_mock_self = &lt;MagicMock name=&apos;get_all&apos; id=&apos;140359987267152&apos;&gt;, args = ()
kwargs = {&apos;q&apos;: &apos;id==1&apos;}, self = &lt;MagicMock name=&apos;get_all&apos; id=&apos;140359987267152&apos;&gt;
msg = &quot;Expected &apos;get_all&apos; to be called once. Called 0 times.&quot;

    def assert_called_once_with(_mock_self, *args, **kwargs):
        &quot;&quot;&quot;assert that the mock was called exactly once and with the specified
            arguments.&quot;&quot;&quot;
        self = _mock_self
        if not self.call_count == 1:
            msg = (&quot;Expected &apos;%s&apos; to be called once. Called %s times.&quot; %
                   (self._mock_name or &apos;mock&apos;, self.call_count))
&gt;           raise AssertionError(msg)
E           AssertionError: Expected &apos;get_all&apos; to be called once. Called 0 times.

/usr/lib/python2.7/site-packages/mock/mock.py:947: AssertionError</failure></testcase><testcase classname="test.unit.test_environments" file="test/unit/test_environments.py" line="30" name="test_get_environment_id_name" time="0.000480175018311"></testcase><testcase classname="test.unit.test_environments" file="test/unit/test_environments.py" line="37" name="test_get_environment_id_name_notexist" time="0.000546932220459"><system-err>2016-06-06 09:14:08,391 ERROR No environment with name testerino exists.
</system-err></testcase><testcase classname="test.unit.test_environments" file="test/unit/test_environments.py" line="44" name="test_get_environment_id_none" time="0.000243186950684"><system-out>Either a BuildEnvironment name or ID is required.
</system-out></testcase><testcase classname="test.unit.test_environments" file="test/unit/test_environments.py" line="49" name="test_environment_exists" time="0.00548386573792"><failure message="AssertionError: Expected &apos;get_all&apos; to be called once. Called 0 times.">mock = &lt;MagicMock name=&apos;get_all&apos; id=&apos;140359987992016&apos;&gt;

    @patch(&apos;pnc_cli.environments.envs_api.get_all&apos;, return_value=MagicMock(content=[MagicMock(id=1)]))
    def test_environment_exists(mock):
        result = environments._environment_exists(1)
&gt;       mock.assert_called_once_with(q=&apos;id==1&apos;)

test/unit/test_environments.py:53: 
_ _ _ _ _ _ _ _ _ _ _ _ _ _ _ _ _ _ _ _ _ _ _ _ _ _ _ _ _ _ _ _ _ _ _ _ _ _ _ _

_mock_self = &lt;MagicMock name=&apos;get_all&apos; id=&apos;140359987992016&apos;&gt;, args = ()
kwargs = {&apos;q&apos;: &apos;id==1&apos;}, self = &lt;MagicMock name=&apos;get_all&apos; id=&apos;140359987992016&apos;&gt;
msg = &quot;Expected &apos;get_all&apos; to be called once. Called 0 times.&quot;

    def assert_called_once_with(_mock_self, *args, **kwargs):
        &quot;&quot;&quot;assert that the mock was called exactly once and with the specified
            arguments.&quot;&quot;&quot;
        self = _mock_self
        if not self.call_count == 1:
            msg = (&quot;Expected &apos;%s&apos; to be called once. Called %s times.&quot; %
                   (self._mock_name or &apos;mock&apos;, self.call_count))
&gt;           raise AssertionError(msg)
E           AssertionError: Expected &apos;get_all&apos; to be called once. Called 0 times.

/usr/lib/python2.7/site-packages/mock/mock.py:947: AssertionError</failure></testcase><testcase classname="test.unit.test_environments" file="test/unit/test_environments.py" line="56" name="test_environment_exists_false" time="0.00504398345947"><failure message="AssertionError: Expected &apos;get_all&apos; to be called once. Called 0 times.">mock = &lt;MagicMock name=&apos;get_all&apos; id=&apos;140359990216528&apos;&gt;

    @patch(&apos;pnc_cli.environments.envs_api.get_all&apos;, return_value=None)
    def test_environment_exists_false(mock):
        result = environments._environment_exists(2)
&gt;       mock.assert_called_once_with(q=&apos;id==2&apos;)

test/unit/test_environments.py:60: 
_ _ _ _ _ _ _ _ _ _ _ _ _ _ _ _ _ _ _ _ _ _ _ _ _ _ _ _ _ _ _ _ _ _ _ _ _ _ _ _

_mock_self = &lt;MagicMock name=&apos;get_all&apos; id=&apos;140359990216528&apos;&gt;, args = ()
kwargs = {&apos;q&apos;: &apos;id==2&apos;}, self = &lt;MagicMock name=&apos;get_all&apos; id=&apos;140359990216528&apos;&gt;
msg = &quot;Expected &apos;get_all&apos; to be called once. Called 0 times.&quot;

    def assert_called_once_with(_mock_self, *args, **kwargs):
        &quot;&quot;&quot;assert that the mock was called exactly once and with the specified
            arguments.&quot;&quot;&quot;
        self = _mock_self
        if not self.call_count == 1:
            msg = (&quot;Expected &apos;%s&apos; to be called once. Called %s times.&quot; %
                   (self._mock_name or &apos;mock&apos;, self.call_count))
&gt;           raise AssertionError(msg)
E           AssertionError: Expected &apos;get_all&apos; to be called once. Called 0 times.

/usr/lib/python2.7/site-packages/mock/mock.py:947: AssertionError</failure></testcase><testcase classname="test.unit.test_environments" file="test/unit/test_environments.py" line="63" name="test_get_environment_id_by_name" time="0.00113320350647"></testcase><testcase classname="test.unit.test_environments" file="test/unit/test_environments.py" line="71" name="test_get_environment_id_by_name_notexist" time="0.00042200088501"></testcase><testcase classname="test.unit.test_environments" file="test/unit/test_environments.py" line="79" name="test_create_environment" time="0.000827074050903"></testcase><testcase classname="test.unit.test_environments" file="test/unit/test_environments.py" line="87" name="test_create_environment_invalid_attribute" time="0.000408887863159"></testcase><testcase classname="test.unit.test_environments" file="test/unit/test_environments.py" line="96" name="test_update_environment" time="0.00128221511841"></testcase><testcase classname="test.unit.test_environments" file="test/unit/test_environments.py" line="110" name="test_update_environment_notexist" time="0.000571966171265"><system-out>No environment with id 1 exists.
</system-out></testcase><testcase classname="test.unit.test_environments" file="test/unit/test_environments.py" line="118" name="test_update_environment_invalid_attribute" time="0.0063681602478"></testcase><testcase classname="test.unit.test_environments" file="test/unit/test_environments.py" line="129" name="test_delete_environment_id" time="0.00065016746521"></testcase><testcase classname="test.unit.test_environments" file="test/unit/test_environments.py" line="138" name="test_delete_environment_name" time="0.000760078430176"></testcase><testcase classname="test.unit.test_environments" file="test/unit/test_environments.py" line="147" name="test_delete_environment_notexist" time="0.000642776489258"></testcase><testcase classname="test.unit.test_environments" file="test/unit/test_environments.py" line="156" name="test_get_environment_id" time="0.000848054885864"></testcase><testcase classname="test.unit.test_environments" file="test/unit/test_environments.py" line="165" name="test_get_environment_name" time="0.00082540512085"></testcase><testcase classname="test.unit.test_environments" file="test/unit/test_environments.py" line="174" name="test_get_environment_notexist" time="0.00052547454834"></testcase><testcase classname="test.unit.test_environments" file="test/unit/test_environments.py" line="183" name="test_list_environments" time="0.00157427787781"></testcase><testcase classname="test.unit.test_licenses" file="test/unit/test_licenses.py" line="6" name="test_create_license_object" time="0.000283002853394"></testcase><testcase classname="test.unit.test_licenses" file="test/unit/test_licenses.py" line="13" name="test_get_license_id_id" time="0.000380039215088"></testcase><testcase classname="test.unit.test_licenses" file="test/unit/test_licenses.py" line="19" name="test_get_license_id_id_notexist" time="0.000554084777832"><system-err>2016-06-06 09:14:08,543 ERROR No License with ID 1 exists.
</system-err></testcase><testcase classname="test.unit.test_licenses" file="test/unit/test_licenses.py" line="32" name="test_get_license_id_name" time="0.000481843948364"><system-err>2016-06-06 09:14:08,544 ERROR No License with name testerino exists.
</system-err></testcase><testcase classname="test.unit.test_licenses" file="test/unit/test_licenses.py" line="39" name="test_get_license_id_none" time="0.000288009643555"><system-err>2016-06-06 09:14:08,545 ERROR A License ID or name is required.
</system-err></testcase><testcase classname="test.unit.test_licenses" file="test/unit/test_licenses.py" line="44" name="test_license_exists" time="0.000533103942871"></testcase><testcase classname="test.unit.test_licenses" file="test/unit/test_licenses.py" line="50" name="test_get_license_id_by_name" time="0.000534057617188"></testcase><testcase classname="test.unit.test_licenses" file="test/unit/test_licenses.py" line="56" name="test_get_license_id_by_name_notexist" time="0.000380039215088"></testcase><testcase classname="test.unit.test_licenses" file="test/unit/test_licenses.py" line="62" name="test_create_license" time="0.000790119171143"></testcase><testcase classname="test.unit.test_licenses" file="test/unit/test_licenses.py" line="70" name="test_get_license_id" time="0.000710964202881"></testcase><testcase classname="test.unit.test_licenses" file="test/unit/test_licenses.py" line="79" name="test_get_license_name" time="0.000665903091431"></testcase><testcase classname="test.unit.test_licenses" file="test/unit/test_licenses.py" line="88" name="test_get_license_notexist" time="0.00062084197998"></testcase><testcase classname="test.unit.test_licenses" file="test/unit/test_licenses.py" line="97" name="test_delete_license" time="0.000537157058716"></testcase><testcase classname="test.unit.test_licenses" file="test/unit/test_licenses.py" line="103" name="test_list_licenses" time="0.000657081604004"></testcase><testcase classname="test.unit.test_licenses" file="test/unit/test_licenses.py" line="110" name="test_update_license" time="0.00106716156006"></testcase><testcase classname="test.unit.test_licenses" file="test/unit/test_licenses.py" line="121" name="test_update_license_notexist" time="0.000923871994019"><system-err>2016-06-06 09:14:08,557 ERROR No License with id 1 exists.
</system-err></testcase><testcase classname="test.unit.test_productmilestones" file="test/unit/test_productmilestones.py" line="4" name="test_create_milestone_object" time="0.000300168991089"></testcase><testcase classname="test.unit.test_productmilestones" file="test/unit/test_productmilestones.py" line="11" name="test_list_milestones" time="0.000397920608521"></testcase><testcase classname="test.unit.test_productmilestones" file="test/unit/test_productmilestones.py" line="17" name="test_create_milestone" time="0.00112819671631"></testcase><testcase classname="test.unit.test_productmilestones" file="test/unit/test_productmilestones.py" line="32" name="test_create_milestone_noversion" time="0.000968217849731"><system-err>2016-06-06 09:14:08,562 ERROR Version must start with a number, followed by a dot and then a qualifier (e.g ER1).
</system-err></testcase><testcase classname="test.unit.test_productmilestones" file="test/unit/test_productmilestones.py" line="43" name="test_create_milestone_badversion" time="0.00097393989563"><system-err>2016-06-06 09:14:08,563 ERROR Version must start with a number, followed by a dot and then a qualifier (e.g ER1).
</system-err></testcase><testcase classname="test.unit.test_productmilestones" file="test/unit/test_productmilestones.py" line="54" name="test_list_milestones_for_version" time="0.000403881072998"></testcase><testcase classname="test.unit.test_productmilestones" file="test/unit/test_productmilestones.py" line="60" name="test_get_milestone" time="0.00140905380249"></testcase><testcase classname="test.unit.test_productmilestones" file="test/unit/test_productmilestones.py" line="66" name="test_update_milestone" time="0.00106024742126"></testcase><testcase classname="test.unit.test_productreleases" file="test/unit/test_productreleases.py" line="6" name="test_create_product_release_object" time="0.00030517578125"></testcase><testcase classname="test.unit.test_productreleases" file="test/unit/test_productreleases.py" line="14" name="test_list_product_releases" time="0.000572919845581"></testcase><testcase classname="test.unit.test_productreleases" file="test/unit/test_productreleases.py" line="21" name="test_create_release_badversion" time="0.000866413116455"><system-err>2016-06-06 09:14:08,571 ERROR Version must start with a number, followed by a dot and then a qualifier (e.g ER1).
</system-err></testcase><testcase classname="test.unit.test_productreleases" file="test/unit/test_productreleases.py" line="32" name="test_create_release" time="0.000958681106567"></testcase><testcase classname="test.unit.test_productreleases" file="test/unit/test_productreleases.py" line="54" name="test_list_releases_for_version" time="0.000651836395264"></testcase><testcase classname="test.unit.test_productreleases" file="test/unit/test_productreleases.py" line="62" name="test_get_release" time="0.000534057617188"></testcase><testcase classname="test.unit.test_productreleases" file="test/unit/test_productreleases.py" line="69" name="test_product_release_exists" time="0.000391006469727"></testcase><testcase classname="test.unit.test_productreleases" file="test/unit/test_productreleases.py" line="77" name="test_update_release_notexist" time="0.00087833404541"><system-err>2016-06-06 09:14:08,576 ERROR No ProductRelease with ID 1 exists.
</system-err></testcase><testcase classname="test.unit.test_productreleases" file="test/unit/test_productreleases.py" line="87" name="test_update_release" time="0.00116419792175"></testcase><testcase classname="test.unit.test_products" file="test/unit/test_products.py" line="8" name="test_create_product_object" time="0.000283002853394"></testcase><testcase classname="test.unit.test_products" file="test/unit/test_products.py" line="16" name="test_product_exists" time="0.000384092330933"></testcase><testcase classname="test.unit.test_products" file="test/unit/test_products.py" line="23" name="test_product_exists_notexist" time="0.000387907028198"></testcase><testcase classname="test.unit.test_products" file="test/unit/test_products.py" line="30" name="test_get_product_id_id" time="0.000504016876221"></testcase><testcase classname="test.unit.test_products" file="test/unit/test_products.py" line="37" name="test_get_product_id_id_notexist" time="0.000488042831421"><system-err>2016-06-06 09:14:08,582 ERROR No Product with id 1 exists.
</system-err></testcase><testcase classname="test.unit.test_products" file="test/unit/test_products.py" line="44" name="test_get_product_id_name" time="0.00037670135498"></testcase><testcase classname="test.unit.test_products" file="test/unit/test_products.py" line="51" name="test_get_product_id_name_notexist" time="0.000598907470703"><system-err>2016-06-06 09:14:08,584 ERROR No Product with the name testerino exists.
</system-err></testcase><testcase classname="test.unit.test_products" file="test/unit/test_products.py" line="58" name="test_get_product_id_none" time="0.000287771224976"><system-err>2016-06-06 09:14:08,585 ERROR Either a Product ID or Product name is required.
</system-err></testcase><testcase classname="test.unit.test_products" file="test/unit/test_products.py" line="63" name="test_get_product_id_by_name" time="0.000473976135254"></testcase><testcase classname="test.unit.test_products" file="test/unit/test_products.py" line="71" name="test_get_product_id_by_name_notexist" time="0.000401258468628"></testcase><testcase classname="test.unit.test_products" file="test/unit/test_products.py" line="79" name="test_create_product" time="0.0432631969452"></testcase><testcase classname="test.unit.test_products" file="test/unit/test_products.py" line="88" name="test_update_product" time="0.0025691986084"></testcase><testcase classname="test.unit.test_products" file="test/unit/test_products.py" line="101" name="test_update_product_notexist" time="0.000828266143799"></testcase><testcase classname="test.unit.test_products" file="test/unit/test_products.py" line="112" name="test_get_product_id" time="0.000863790512085"></testcase><testcase classname="test.unit.test_products" file="test/unit/test_products.py" line="121" name="test_get_product_name" time="0.000802993774414"></testcase><testcase classname="test.unit.test_products" file="test/unit/test_products.py" line="130" name="test_get_product_none" time="0.000526905059814"></testcase><testcase classname="test.unit.test_products" file="test/unit/test_products.py" line="139" name="test_list_versions_for_product_id" time="0.000825881958008"></testcase><testcase classname="test.unit.test_products" file="test/unit/test_products.py" line="148" name="test_list_versions_for_product_name" time="0.000802040100098"></testcase><testcase classname="test.unit.test_products" file="test/unit/test_products.py" line="157" name="test_list_versions_for_product_none" time="0.000523805618286"></testcase><testcase classname="test.unit.test_products" file="test/unit/test_products.py" line="165" name="test_list_products" time="0.000675916671753"></testcase><testcase classname="test.unit.test_productversions" file="test/unit/test_productversions.py" line="8" name="test_create_product_version_object" time="0.000301122665405"></testcase><testcase classname="test.unit.test_productversions" file="test/unit/test_productversions.py" line="17" name="test_version_exists" time="0.000553131103516"></testcase><testcase classname="test.unit.test_productversions" file="test/unit/test_productversions.py" line="25" name="test_version_exists_notexist" time="0.000499248504639"></testcase><testcase classname="test.unit.test_productversions" file="test/unit/test_productversions.py" line="33" name="test_version_exists_for_product" time="0.000393867492676"></testcase><testcase classname="test.unit.test_productversions" file="test/unit/test_productversions.py" line="41" name="test_version_exists_for_product_notexist" time="0.000399827957153"></testcase><testcase classname="test.unit.test_productversions" file="test/unit/test_productversions.py" line="49" name="test_list_product_versions" time="0.00086498260498"></testcase><testcase classname="test.unit.test_productversions" file="test/unit/test_productversions.py" line="56" name="test_create_product_version_already_exists" time="0.000859260559082"><system-err>2016-06-06 09:14:08,650 ERROR Version 1.0 already exists for product: productname
</system-err></testcase><testcase classname="test.unit.test_productversions" file="test/unit/test_productversions.py" line="66" name="test_create_product_version" time="0.00134992599487"></testcase><testcase classname="test.unit.test_productversions" file="test/unit/test_productversions.py" line="78" name="test_get_product_version" time="0.000933885574341"></testcase><testcase classname="test.unit.test_productversions" file="test/unit/test_productversions.py" line="87" name="test_get_product_version_notexist" time="0.000773191452026"><system-err>2016-06-06 09:14:08,655 ERROR No ProductVersion with ID 1 exists.
</system-err></testcase><testcase classname="test.unit.test_productversions" file="test/unit/test_productversions.py" line="96" name="test_update_product_version" time="0.0011842250824"></testcase><testcase classname="test.unit.test_productversions" file="test/unit/test_productversions.py" line="114" name="test_update_product_version_notexist" time="0.00182890892029"><system-err>2016-06-06 09:14:08,659 ERROR A ProductVersion with id 1 doesn&apos;t exist.
</system-err></testcase><testcase classname="test.unit.test_projects" file="test/unit/test_projects.py" line="7" name="test_create_project_object" time="0.000285625457764"></testcase><testcase classname="test.unit.test_projects" file="test/unit/test_projects.py" line="15" name="test_get_project_id_id" time="0.000380039215088"></testcase><testcase classname="test.unit.test_projects" file="test/unit/test_projects.py" line="22" name="test_get_project_id_notexist" time="0.000478982925415"><system-err>2016-06-06 09:14:08,662 ERROR No Project with ID 1 exists.
</system-err></testcase><testcase classname="test.unit.test_projects" file="test/unit/test_projects.py" line="29" name="test_get_project_id_name" time="0.000377893447876"></testcase><testcase classname="test.unit.test_projects" file="test/unit/test_projects.py" line="36" name="test_get_project_id_name_notexist" time="0.000514984130859"><system-err>2016-06-06 09:14:08,664 ERROR No Project with name testerino exists.
</system-err></testcase><testcase classname="test.unit.test_projects" file="test/unit/test_projects.py" line="43" name="test_get_project_id_none" time="0.000287055969238"><system-err>2016-06-06 09:14:08,665 WARNING Either a Project name or id is required
</system-err></testcase><testcase classname="test.unit.test_projects" file="test/unit/test_projects.py" line="48" name="test_get_project_id_by_name" time="0.000665187835693"></testcase><testcase classname="test.unit.test_projects" file="test/unit/test_projects.py" line="55" name="test_get_project_id_by_name_notexist" time="0.000379800796509"></testcase><testcase classname="test.unit.test_projects" file="test/unit/test_projects.py" line="62" name="test_project_exists" time="0.000639200210571"></testcase><testcase classname="test.unit.test_projects" file="test/unit/test_projects.py" line="69" name="test_project_exists_notexist" time="0.000383853912354"></testcase><testcase classname="test.unit.test_projects" file="test/unit/test_projects.py" line="76" name="test_create_project" time="0.000787973403931"></testcase><testcase classname="test.unit.test_projects" file="test/unit/test_projects.py" line="85" name="test_update_project_no_id" time="0.000293970108032"><system-err>2016-06-06 09:14:08,670 ERROR A Project ID must be specified.
</system-err></testcase><testcase classname="test.unit.test_projects" file="test/unit/test_projects.py" line="89" name="test_update_project_no_modifications" time="0.000285863876343"><system-err>2016-06-06 09:14:08,671 ERROR Updating a Project requires at least one modified field.
</system-err></testcase><testcase classname="test.unit.test_projects" file="test/unit/test_projects.py" line="94" name="test_update_project_notexist" time="0.000480175018311"><system-err>2016-06-06 09:14:08,672 ERROR No Project with ID 1 exists.
</system-err></testcase><testcase classname="test.unit.test_projects" file="test/unit/test_projects.py" line="102" name="test_update_project" time="0.00103306770325"></testcase><testcase classname="test.unit.test_projects" file="test/unit/test_projects.py" line="115" name="test_get_project_id" time="0.00086784362793"></testcase><testcase classname="test.unit.test_projects" file="test/unit/test_projects.py" line="124" name="test_get_project_name" time="0.00078821182251"></testcase><testcase classname="test.unit.test_projects" file="test/unit/test_projects.py" line="133" name="test_get_project_notexist" time="0.000519037246704"></testcase><testcase classname="test.unit.test_projects" file="test/unit/test_projects.py" line="142" name="test_delete_project_id" time="0.000779151916504"></testcase><testcase classname="test.unit.test_projects" file="test/unit/test_projects.py" line="151" name="test_delete_project_name" time="0.000799179077148"></testcase><testcase classname="test.unit.test_projects" file="test/unit/test_projects.py" line="160" name="test_delete_project_notexist" time="0.000616073608398"></testcase><testcase classname="test.unit.test_projects" file="test/unit/test_projects.py" line="169" name="test_list_projects" time="0.00068211555481"></testcase><testcase classname="test.unit.test_runningbuilds" file="test/unit/test_runningbuilds.py" line="6" name="test_list_running_builds" time="0.000797033309937"><failure message="AssertionError: Expected call: get_all(page_size=200, q=&apos;&apos;, sort=&apos;&apos;)
Actual call: get_all(page_size=200, sort=&apos;&apos;)">mock = &lt;MagicMock name=&apos;get_all&apos; id=&apos;140359988191632&apos;&gt;

    @patch(&apos;pnc_cli.runningbuilds.running_api.get_all&apos;, return_value=MagicMock(content=[1, 2, 3]))
    def test_list_running_builds(mock):
        result = runningbuilds.list_running_builds()
&gt;       mock.assert_called_once_with(page_size=200, q=&quot;&quot;, sort=&quot;&quot;)

test/unit/test_runningbuilds.py:10: 
_ _ _ _ _ _ _ _ _ _ _ _ _ _ _ _ _ _ _ _ _ _ _ _ _ _ _ _ _ _ _ _ _ _ _ _ _ _ _ _
/usr/lib/python2.7/site-packages/mock/mock.py:948: in assert_called_once_with
    return self.assert_called_with(*args, **kwargs)
/usr/lib/python2.7/site-packages/mock/mock.py:937: in assert_called_with
    six.raise_from(AssertionError(_error_message(cause)), cause)
_ _ _ _ _ _ _ _ _ _ _ _ _ _ _ _ _ _ _ _ _ _ _ _ _ _ _ _ _ _ _ _ _ _ _ _ _ _ _ _

value = AssertionError(&quot;Expected call: get_all(page_size=200, q=&apos;&apos;, sort=&apos;&apos;)\nActual call: get_all(page_size=200, sort=&apos;&apos;)&quot;,)
from_value = None

    def raise_from(value, from_value):
&gt;       raise value
E       AssertionError: Expected call: get_all(page_size=200, q=&apos;&apos;, sort=&apos;&apos;)
E       Actual call: get_all(page_size=200, sort=&apos;&apos;)

/usr/lib/python2.7/site-packages/six.py:692: AssertionError</failure></testcase><testcase classname="test.unit.test_runningbuilds" file="test/unit/test_runningbuilds.py" line="13" name="test_get_running_build" time="0.000641822814941"></testcase><testcase classname="test.unit.test_users" file="test/unit/test_users.py" line="7" name="test_user_exists" time="0.000781297683716"></testcase><testcase classname="test.unit.test_users" file="test/unit/test_users.py" line="15" name="test_get_user_id_by_name" time="0.000412702560425"></testcase><testcase classname="test.unit.test_users" file="test/unit/test_users.py" line="23" name="test_get_user_id_by_name_notexist" time="0.000396013259888"></testcase><testcase classname="test.unit.test_users" file="test/unit/test_users.py" line="30" name="test_get_user_id_id" time="0.000516891479492"></testcase><testcase classname="test.unit.test_users" file="test/unit/test_users.py" line="37" name="test_get_user_id_id_notexist" time="0.00040864944458"><system-out>No User with ID 1 exists.
</system-out></testcase><testcase classname="test.unit.test_users" file="test/unit/test_users.py" line="44" name="test_get_user_id_name" time="0.000379323959351"></testcase><testcase classname="test.unit.test_users" file="test/unit/test_users.py" line="51" name="test_get_user_id_name_notexist" time="0.000542402267456"><system-out>No User with username testerino exists.
</system-out></testcase><testcase classname="test.unit.test_users" file="test/unit/test_users.py" line="58" name="test_get_user_id_none" time="0.000229120254517"><system-out>Either a User&apos;s name or ID is required.
</system-out></testcase><testcase classname="test.unit.test_users" file="test/unit/test_users.py" line="63" name="test_create_user_object" time="0.000233173370361"></testcase><testcase classname="test.unit.test_users" file="test/unit/test_users.py" line="71" name="test_list_users" time="0.000525951385498"></testcase><testcase classname="test.unit.test_users" file="test/unit/test_users.py" line="78" name="test_get_user_id" time="0.00100469589233"></testcase><testcase classname="test.unit.test_users" file="test/unit/test_users.py" line="87" name="test_get_user_name" time="0.0302512645721"></testcase><testcase classname="test.unit.test_users" file="test/unit/test_users.py" line="96" name="test_get_user_notexist" time="0.000575065612793"></testcase><testcase classname="test.unit.test_users" file="test/unit/test_users.py" line="105" name="test_create_user" time="0.00107717514038"></testcase><testcase classname="test.unit.test_users" file="test/unit/test_users.py" line="114" name="test_update_user_id" time="0.0012149810791"></testcase><testcase classname="test.unit.test_users" file="test/unit/test_users.py" line="129" name="test_update_user_name" time="0.00117015838623"></testcase><testcase classname="test.unit.test_users" file="test/unit/test_users.py" line="144" name="test_update_user_notexist" time="0.000739097595215"></testcase></testsuite>